<?xml version="1.0" encoding="UTF-8"?>
<!-- Generated by org.testng.reporters.JUnitXMLReporter -->
<testsuite hostname="IN5CG4525JV9" ignored="0" name="Test" tests="4" failures="0" timestamp="30 Jan 2020 10:25:07 GMT" time="24.247" errors="0">
  <testcase name="dtest" time="22.106" classname="ara.Selenium.com.Ara.myFramewrok.com.parallelexecution1"/>
  <testcase name="btest" time="23.449" classname="ara.Selenium.com.Ara.myFramewrok.com.parallelexecution1"/>
  <testcase name="atest" time="23.641" classname="ara.Selenium.com.Ara.myFramewrok.com.parallelexecution1"/>
  <testcase name="ctest" time="24.209" classname="ara.Selenium.com.Ara.myFramewrok.com.parallelexecution1"/>
</testsuite> <!-- Test -->
