<?xml version="1.0" encoding="UTF-8"?>
<!-- Generated by org.testng.reporters.JUnitXMLReporter -->
<testsuite hostname="IN5CG4525JV9" ignored="0" name="testGuru" tests="5" failures="0" timestamp="18 Nov 2019 09:00:43 GMT" time="44.476" errors="0">
  <testcase name="btest" time="41.551" classname="ara.Selenium.com.Ara.myFramewrok.com.Parallelexecution"/>
  <testcase name="atest" time="42.138" classname="ara.Selenium.com.Ara.myFramewrok.com.Parallelexecution"/>
  <testcase name="ctest" time="43.419" classname="ara.Selenium.com.Ara.myFramewrok.com.Parallelexecution"/>
  <testcase name="dtest" time="44.092" classname="ara.Selenium.com.Ara.myFramewrok.com.Parallelexecution"/>
  <testcase name="etest" time="44.433" classname="ara.Selenium.com.Ara.myFramewrok.com.Parallelexecution"/>
</testsuite> <!-- testGuru -->
