<?xml version="1.0" encoding="UTF-8"?>
<!-- Generated by org.testng.reporters.JUnitXMLReporter -->
<testsuite hostname="IN5CG4525JV9" ignored="0" name="Default test" tests="4" failures="0" timestamp="30 Jan 2020 10:16:32 GMT" time="42.174" errors="0">
  <testcase name="atest" time="12.273" classname="ara.Selenium.com.Ara.myFramewrok.com.parallelexecution1"/>
  <testcase name="dtest" time="10.123" classname="ara.Selenium.com.Ara.myFramewrok.com.parallelexecution1"/>
  <testcase name="ctest" time="9.569" classname="ara.Selenium.com.Ara.myFramewrok.com.parallelexecution1"/>
  <testcase name="btest" time="10.14" classname="ara.Selenium.com.Ara.myFramewrok.com.parallelexecution1"/>
</testsuite> <!-- Default test -->
